<?xml version="1.0" encoding="UTF-8"?>
<!-- Generated by org.testng.reporters.JUnitReportReporter -->
<testsuite skipped="0" hostname="LAPTOP-UJVGA3VP" name="MavenProject.SeleniumTest" tests="1" failures="0" timestamp="2020-02-18T01:29:12 GMT" time="14.693" errors="0">
  <testcase name="Browser" time="14.693" classname="MavenProject.SeleniumTest"/>
</testsuite> <!-- MavenProject.SeleniumTest -->
