<?xml version="1.0" encoding="UTF-8"?>
<!-- Generated by org.testng.reporters.JUnitReportReporter -->
<testsuite skipped="0" hostname="LAPTOP-UJVGA3VP" name="MavenProject.AppTest" tests="1" failures="0" timestamp="2020-02-18T01:29:13 GMT" time="0.001" errors="0">
  <testcase name="testApp" time="0.001" classname="MavenProject.AppTest"/>
</testsuite> <!-- MavenProject.AppTest -->
